<?xml version="1.0" encoding="UTF-8"?>
<!-- Generated by org.testng.reporters.JUnitReportReporter -->
<testsuite hostname="DESKTOP-91A7GFP" failures="0" tests="3" name="com.groupTestng.InvocationCountTest" time="39.094" errors="0" timestamp="2025-02-22T19:48:17 IST" skipped="0">
  <testcase classname="com.groupTestng.InvocationCountTest" name="testMethod1" time="13.041"/>
  <testcase classname="com.groupTestng.InvocationCountTest" name="testMethod1" time="13.073"/>
  <testcase classname="com.groupTestng.InvocationCountTest" name="testMethod1" time="12.980"/>
</testsuite> <!-- com.groupTestng.InvocationCountTest -->
