<?xml version="1.0" encoding="UTF-8"?>
<!-- Generated by org.testng.reporters.JUnitReportReporter -->
<testsuite hostname="DESKTOP-91A7GFP" failures="0" tests="2" name="com.testing.FirstClass" time="18.082" errors="0" timestamp="2025-01-22T16:24:32 IST" skipped="0">
  <testcase classname="com.testing.FirstClass" name="testGoogle" time="9.997"/>
  <testcase classname="com.testing.FirstClass" name="testfacebook" time="8.085"/>
</testsuite> <!-- com.testing.FirstClass -->
