<?xml version="1.0" encoding="UTF-8"?>
<!-- Generated by org.testng.reporters.JUnitReportReporter -->
<testsuite hostname="DESKTOP-91A7GFP" failures="0" tests="5" name="com.groupTestng.TestDependencyGroups" time="0.030" errors="0" timestamp="2025-02-20T19:12:16 IST" skipped="0">
  <testcase classname="com.groupTestng.TestDependencyGroups" name="Test3" time="0.003"/>
  <testcase classname="com.groupTestng.TestDependencyGroups" name="Test2" time="0.003"/>
  <testcase classname="com.groupTestng.TestDependencyGroups" name="Test0" time="0.002"/>
  <testcase classname="com.groupTestng.TestDependencyGroups" name="Test1" time="0.019"/>
  <testcase classname="com.groupTestng.TestDependencyGroups" name="Test4" time="0.003"/>
</testsuite> <!-- com.groupTestng.TestDependencyGroups -->
