<?xml version="1.0" encoding="UTF-8"?>
<!-- Generated by org.testng.reporters.JUnitReportReporter -->
<testsuite hostname="DESKTOP-91A7GFP" failures="0" tests="1" name="com.testCases.TC001_LoginPage" time="4.567" errors="0" timestamp="2025-07-04T13:55:16 IST" skipped="0">
  <testcase classname="com.testCases.TC001_LoginPage" name="loginTest" time="4.567"/>
</testsuite> <!-- com.testCases.TC001_LoginPage -->
