<?xml version="1.0" encoding="UTF-8"?>
<!-- Generated by org.testng.reporters.JUnitReportReporter -->
<testsuite hostname="DESKTOP-91A7GFP" failures="0" tests="4" name="com.groupTestng.Grouping" time="0.016" errors="0" timestamp="2025-02-20T19:04:56 IST" skipped="0">
  <testcase classname="com.groupTestng.Grouping" name="test2" time="0.008"/>
  <testcase classname="com.groupTestng.Grouping" name="test3" time="0.002"/>
  <testcase classname="com.groupTestng.Grouping" name="test4" time="0.003"/>
  <testcase classname="com.groupTestng.Grouping" name="test1" time="0.003"/>
</testsuite> <!-- com.groupTestng.Grouping -->
