<?xml version="1.0" encoding="UTF-8"?>
<!-- Generated by org.testng.reporters.JUnitReportReporter -->
<testsuite hostname="DESKTOP-91A7GFP" failures="0" tests="7" name="com.groupTestng.ParallelTesting" time="0.136" errors="0" timestamp="2025-03-03T19:42:19 IST" skipped="0">
  <testcase classname="com.groupTestng.ParallelTesting" name="test2" time="0.005"/>
  <testcase classname="com.groupTestng.ParallelTesting" name="test1" time="0.027"/>
  <testcase classname="com.groupTestng.ParallelTesting" name="test3" time="0.006"/>
  <testcase classname="com.groupTestng.ParallelTesting" name="test0" time="0.060"/>
  <testcase classname="com.groupTestng.ParallelTesting" name="test9" time="0.008"/>
  <testcase classname="com.groupTestng.ParallelTesting" name="test4" time="0.004"/>
  <testcase classname="com.groupTestng.ParallelTesting" name="test12" time="0.026"/>
</testsuite> <!-- com.groupTestng.ParallelTesting -->
