<?xml version="1.0" encoding="UTF-8"?>
<!-- Generated by org.testng.reporters.JUnitReportReporter -->
<testsuite hostname="DESKTOP-91A7GFP" failures="0" tests="3" name="com.groupTestng.DataProviderClassNew" time="0.021" errors="0" timestamp="2025-02-21T18:56:30 IST" skipped="0">
  <testcase classname="com.groupTestng.DataProviderClassNew" name="login" time="0.003"/>
  <testcase classname="com.groupTestng.DataProviderClassNew" name="login" time="0.002"/>
  <testcase classname="com.groupTestng.DataProviderClassNew" name="login" time="0.016"/>
</testsuite> <!-- com.groupTestng.DataProviderClassNew -->
