<?xml version="1.0" encoding="UTF-8"?>
<!-- Generated by org.testng.reporters.JUnitReportReporter -->
<testsuite hostname="DESKTOP-91A7GFP" failures="0" tests="1" name="com.testClass.LoginPage" time="3.339" errors="0" timestamp="2025-04-30T13:31:27 IST" skipped="0">
  <testcase classname="com.testClass.LoginPage" name="verifyLoginPage" time="3.339"/>
</testsuite> <!-- com.testClass.LoginPage -->
