<?xml version="1.0" encoding="UTF-8"?>
<!-- Generated by org.testng.reporters.JUnitReportReporter -->
<testsuite hostname="DESKTOP-91A7GFP" failures="0" tests="3" name="com.groupTestng.NewTest1" time="0.021" errors="0" timestamp="2025-02-20T19:04:56 IST" skipped="0">
  <testcase classname="com.groupTestng.NewTest1" name="Test1" time="0.017"/>
  <testcase classname="com.groupTestng.NewTest1" name="Test2" time="0.002"/>
  <testcase classname="com.groupTestng.NewTest1" name="Test3" time="0.002"/>
</testsuite> <!-- com.groupTestng.NewTest1 -->
