<?xml version="1.0" encoding="UTF-8"?>
<!-- Generated by org.testng.reporters.JUnitReportReporter -->
<testsuite hostname="DESKTOP-91A7GFP" failures="0" tests="2" name="com.testing.DataProviders" time="0.017" errors="0" timestamp="2025-02-22T15:48:13 IST" skipped="0">
  <testcase classname="com.testing.DataProviders" name="TestLogin" time="0.003"/>
  <testcase classname="com.testing.DataProviders" name="TestLogin" time="0.014"/>
</testsuite> <!-- com.testing.DataProviders -->
