<?xml version="1.0" encoding="UTF-8"?>
<!-- Generated by org.testng.reporters.JUnitReportReporter -->
<testsuite hostname="DESKTOP-91A7GFP" failures="0" tests="3" name="com.testng1.NewTest" time="0.022" errors="0" timestamp="2025-02-04T15:57:29 IST" skipped="1">
  <testcase classname="com.testng1.NewTest" name="Test2" time="0.018"/>
  <testcase classname="com.testng1.NewTest" name="Test3" time="0.004"/>
  <testcase classname="com.testng1.NewTest" name="Test1">
    <skipped/>
  </testcase> <!-- Test1 -->
</testsuite> <!-- com.testng1.NewTest -->
