<?xml version="1.0" encoding="UTF-8"?>
<!-- Generated by org.testng.reporters.JUnitReportReporter -->
<testsuite hostname="DESKTOP-91A7GFP" failures="0" tests="1" name="com.groupTestng.Assertion" time="3.403" errors="0" timestamp="2025-02-19T16:17:04 IST" skipped="0">
  <testcase classname="com.groupTestng.Assertion" name="login" time="3.403"/>
</testsuite> <!-- com.groupTestng.Assertion -->
