<?xml version="1.0" encoding="UTF-8"?>
<!-- Generated by org.testng.reporters.JUnitReportReporter -->
<testsuite hostname="DESKTOP-91A7GFP" failures="0" tests="3" name="com.testng1.NewTest1" time="0.026" errors="0" timestamp="2025-02-04T15:57:56 IST" skipped="0">
  <testcase classname="com.testng1.NewTest1" name="Test2" time="0.005"/>
  <testcase classname="com.testng1.NewTest1" name="Test3" time="0.002"/>
  <testcase classname="com.testng1.NewTest1" name="Test1" time="0.019"/>
</testsuite> <!-- com.testng1.NewTest1 -->
