<?xml version="1.0" encoding="UTF-8"?>
<!-- Generated by org.testng.reporters.JUnitReportReporter -->
<testsuite hostname="DESKTOP-91A7GFP" failures="0" tests="1" name="com.groupTestng.TestTimeout" time="5.646" errors="0" timestamp="2025-02-22T13:33:54 IST" skipped="0">
  <testcase classname="com.groupTestng.TestTimeout" name="testMethod1" time="5.646"/>
</testsuite> <!-- com.groupTestng.TestTimeout -->
