<?xml version="1.0" encoding="UTF-8"?>
<!-- Generated by org.testng.reporters.JUnitReportReporter -->
<testsuite hostname="DESKTOP-91A7GFP" failures="0" tests="3" name="com.groupTestng.LoginFaceBook" time="13.607" errors="0" timestamp="2025-02-20T15:35:10 IST" skipped="0">
  <testcase classname="com.groupTestng.LoginFaceBook" name="launchApp" time="5.279"/>
  <testcase classname="com.groupTestng.LoginFaceBook" name="launchApp" time="4.915"/>
  <testcase classname="com.groupTestng.LoginFaceBook" name="launchApp" time="3.413"/>
</testsuite> <!-- com.groupTestng.LoginFaceBook -->
