<?xml version="1.0" encoding="UTF-8"?>
<!-- Generated by org.testng.reporters.JUnitReportReporter -->
<testsuite hostname="DESKTOP-91A7GFP" failures="0" tests="14" name="com.groupTestng.ParallelTesting4" time="0.095" errors="0" timestamp="2025-03-03T19:42:19 IST" skipped="0">
  <testcase classname="com.groupTestng.ParallelTesting4" name="test1" time="0.003"/>
  <testcase classname="com.groupTestng.ParallelTesting4" name="test4" time="0.005"/>
  <testcase classname="com.groupTestng.ParallelTesting4" name="test1" time="0.010"/>
  <testcase classname="com.groupTestng.ParallelTesting4" name="test3" time="0.007"/>
  <testcase classname="com.groupTestng.ParallelTesting4" name="test2" time="0.004"/>
  <testcase classname="com.groupTestng.ParallelTesting4" name="test2" time="0.009"/>
  <testcase classname="com.groupTestng.ParallelTesting4" name="test0" time="0.003"/>
  <testcase classname="com.groupTestng.ParallelTesting4" name="test4" time="0.011"/>
  <testcase classname="com.groupTestng.ParallelTesting4" name="test0" time="0.005"/>
  <testcase classname="com.groupTestng.ParallelTesting4" name="test3" time="0.005"/>
  <testcase classname="com.groupTestng.ParallelTesting4" name="test12" time="0.015"/>
  <testcase classname="com.groupTestng.ParallelTesting4" name="test12" time="0.008"/>
  <testcase classname="com.groupTestng.ParallelTesting4" name="test9" time="0.005"/>
  <testcase classname="com.groupTestng.ParallelTesting4" name="test9" time="0.005"/>
</testsuite> <!-- com.groupTestng.ParallelTesting4 -->
