<?xml version="1.0" encoding="UTF-8"?>
<!-- Generated by org.testng.reporters.JUnitReportReporter -->
<testsuite hostname="DESKTOP-91A7GFP" failures="0" tests="12" name="com.groupTestng.ParallelTesting1" time="0.201" errors="0" timestamp="2025-03-03T19:42:19 IST" skipped="0">
  <testcase classname="com.groupTestng.ParallelTesting1" name="test8" time="0.006"/>
  <testcase classname="com.groupTestng.ParallelTesting1" name="test6" time="0.008"/>
  <testcase classname="com.groupTestng.ParallelTesting1" name="test7" time="0.015"/>
  <testcase classname="com.groupTestng.ParallelTesting1" name="test8" time="0.006"/>
  <testcase classname="com.groupTestng.ParallelTesting1" name="test8" time="0.011"/>
  <testcase classname="com.groupTestng.ParallelTesting1" name="test5" time="0.005"/>
  <testcase classname="com.groupTestng.ParallelTesting1" name="test6" time="0.020"/>
  <testcase classname="com.groupTestng.ParallelTesting1" name="test5" time="0.036"/>
  <testcase classname="com.groupTestng.ParallelTesting1" name="test7" time="0.007"/>
  <testcase classname="com.groupTestng.ParallelTesting1" name="test7" time="0.007"/>
  <testcase classname="com.groupTestng.ParallelTesting1" name="test5" time="0.063"/>
  <testcase classname="com.groupTestng.ParallelTesting1" name="test6" time="0.017"/>
</testsuite> <!-- com.groupTestng.ParallelTesting1 -->
