<?xml version="1.0" encoding="UTF-8"?>
<!-- Generated by org.testng.reporters.JUnitReportReporter -->
<testsuite hostname="DESKTOP-91A7GFP" failures="0" tests="3" name="com.groupTestng.NewTest" time="0.012" errors="0" timestamp="2025-02-20T19:04:56 IST" skipped="0">
  <testcase classname="com.groupTestng.NewTest" name="Test1" time="0.005"/>
  <testcase classname="com.groupTestng.NewTest" name="Test3" time="0.004"/>
  <testcase classname="com.groupTestng.NewTest" name="Test2" time="0.003"/>
</testsuite> <!-- com.groupTestng.NewTest -->
