<?xml version="1.0" encoding="UTF-8"?>
<!-- Generated by org.testng.reporters.JUnitReportReporter -->
<testsuite hostname="DESKTOP-91A7GFP" failures="0" tests="14" name="com.groupTestng.ParallelTesting3" time="0.161" errors="0" timestamp="2025-03-03T19:42:19 IST" skipped="0">
  <testcase classname="com.groupTestng.ParallelTesting3" name="testA" time="0.010"/>
  <testcase classname="com.groupTestng.ParallelTesting3" name="testA" time="0.010"/>
  <testcase classname="com.groupTestng.ParallelTesting3" name="testB" time="0.009"/>
  <testcase classname="com.groupTestng.ParallelTesting3" name="testE" time="0.011"/>
  <testcase classname="com.groupTestng.ParallelTesting3" name="testF" time="0.005"/>
  <testcase classname="com.groupTestng.ParallelTesting3" name="testE" time="0.007"/>
  <testcase classname="com.groupTestng.ParallelTesting3" name="testC" time="0.008"/>
  <testcase classname="com.groupTestng.ParallelTesting3" name="testG" time="0.008"/>
  <testcase classname="com.groupTestng.ParallelTesting3" name="testF" time="0.008"/>
  <testcase classname="com.groupTestng.ParallelTesting3" name="testG" time="0.005"/>
  <testcase classname="com.groupTestng.ParallelTesting3" name="testD" time="0.002"/>
  <testcase classname="com.groupTestng.ParallelTesting3" name="testB" time="0.029"/>
  <testcase classname="com.groupTestng.ParallelTesting3" name="testD" time="0.046"/>
  <testcase classname="com.groupTestng.ParallelTesting3" name="testC" time="0.003"/>
</testsuite> <!-- com.groupTestng.ParallelTesting3 -->
