<?xml version="1.0" encoding="UTF-8"?>
<!-- Generated by org.testng.reporters.JUnitReportReporter -->
<testsuite hostname="DESKTOP-91A7GFP" failures="0" tests="4" name="com.groupsdemo.NewTestOne" time="0.029" errors="0" timestamp="2025-03-04T14:39:38 IST" skipped="0">
  <testcase classname="com.groupsdemo.NewTestOne" name="test1" time="0.016"/>
  <testcase classname="com.groupsdemo.NewTestOne" name="test2" time="0.003"/>
  <testcase classname="com.groupsdemo.NewTestOne" name="test4" time="0.004"/>
  <testcase classname="com.groupsdemo.NewTestOne" name="test3" time="0.006"/>
</testsuite> <!-- com.groupsdemo.NewTestOne -->
